<?xml version="1.0" encoding="UTF-8"?>
<!-- Generated by org.testng.reporters.JUnitReportReporter -->
<testsuite hostname="Eitan-PC" failures="0" tests="1" name="co.nvidia.AddRemoveItemBasketTest" time="22.516" errors="0" timestamp="2022-10-19T19:47:59 IDT" skipped="0">
  <testcase classname="co.nvidia.AddRemoveItemBasketTest" name="addRemoveItem" time="22.516"/>
  <system-out/>
</testsuite> <!-- co.nvidia.AddRemoveItemBasketTest -->
