<?xml version="1.0" encoding="UTF-8"?>
<!-- Generated by org.testng.reporters.JUnitReportReporter -->
<testsuite hostname="Eitan-PC" failures="0" tests="1" name="co.nvidia.OrderCompleteTest" time="27.083" errors="0" timestamp="2022-10-19T19:47:59 IDT" skipped="0">
  <testcase classname="co.nvidia.OrderCompleteTest" name="endToEndTest" time="27.083"/>
  <system-out/>
</testsuite> <!-- co.nvidia.OrderCompleteTest -->
