<?xml version="1.0" encoding="UTF-8"?>
<!-- Generated by org.testng.reporters.JUnitReportReporter -->
<testsuite hostname="Eitan-PC" failures="0" tests="1" name="co.nvidia.AddRemoveItemBasketTest" time="11.045" errors="0" timestamp="2022-10-26T23:38:19 IDT" skipped="0">
  <testcase classname="co.nvidia.AddRemoveItemBasketTest" name="addRemoveItem" time="11.045"/>
  <system-out/>
</testsuite> <!-- co.nvidia.AddRemoveItemBasketTest -->
