<?xml version="1.0" encoding="UTF-8"?>
<!-- Generated by org.testng.reporters.JUnitReportReporter -->
<testsuite hostname="Eitan-PC" failures="0" tests="1" name="co.nvidia.OrderCompleteTest" time="15.603" errors="0" timestamp="2022-10-26T23:38:19 IDT" skipped="0">
  <testcase classname="co.nvidia.OrderCompleteTest" name="endToEndTest" time="15.603"/>
  <system-out/>
</testsuite> <!-- co.nvidia.OrderCompleteTest -->
